<?xml version="1.0" encoding="UTF-8"?>
<!-- Generated by org.testng.reporters.JUnitXMLReporter -->
<testsuite hostname="Faisals-MacBook-Pro.local" name="Regression" tests="3" failures="0" timestamp="5 Jan 2020 00:55:56 GMT" time="0.019" errors="0">
  <testcase name="MobileLoginCarLoan" time="0.007" classname="TestNGPractice.day2"/>
  <testcase name="MobileLoginPersonalLoan" time="0.001" classname="TestNGPractice.day3"/>
  <testcase name="MobileLoginCarLoan" time="0.0" classname="TestNGPractice.day1"/>
</testsuite> <!-- Regression -->
