<?xml version="1.0" encoding="UTF-8"?>
<!-- Generated by org.testng.reporters.JUnitXMLReporter -->
<testsuite hostname="Faisals-MacBook-Pro.local" name="Sanity Test" tests="5" failures="0" timestamp="5 Jan 2020 23:49:55 GMT" time="0.014" errors="0">
  <testcase name="MobileLoginCarLoan" time="0.0" classname="TestNGPractice.day3"/>
  <testcase name="loginAPICarLoan" time="0.001" classname="TestNGPractice.day3"/>
  <testcase name="webloginHomeLoan" time="0.0" classname="TestNGPractice.day3"/>
  <testcase name="timeout" time="0.006" classname="TestNGPractice.day3"/>
  <testcase name="loginAPIPersonalLoan" time="0.0" classname="TestNGPractice.day3"/>
</testsuite> <!-- Sanity Test -->
