<?xml version="1.0" encoding="UTF-8"?>
<!-- Generated by org.testng.reporters.JUnitXMLReporter -->
<testsuite hostname="Faisals-MacBook-Pro.local" name="Smoke" tests="7" failures="0" timestamp="5 Jan 2020 23:49:55 GMT" time="0.037" errors="0">
  <testcase name="webloginHomeLoan" time="0.009" classname="TestNGPractice.day2"/>
  <testcase name="webloginHomeLoan" time="0.001" classname="TestNGPractice.day3"/>
  <testcase name="MobileLoginCarLoan" time="0.001" classname="TestNGPractice.day1"/>
  <testcase name="loginAPICarLoan" time="0.001" classname="TestNGPractice.day1"/>
  <testcase name="loginAPICarLoan" time="0.001" classname="TestNGPractice.day1"/>
  <testcase name="loginAPICarLoan" time="0.0" classname="TestNGPractice.day1"/>
  <testcase name="webloginCarLoan" time="0.0" classname="TestNGPractice.day1">
    <skipped/>
  </testcase> <!-- webloginCarLoan -->
</testsuite> <!-- Smoke -->
