<?xml version="1.0" encoding="UTF-8"?>
<testng-results skipped="0" failed="0" total="1" passed="1">
  <reporter-output>
  </reporter-output>
  <suite name="Default suite" duration-ms="6626" started-at="2020-01-17T13:47:20Z" finished-at="2020-01-17T13:47:27Z">
    <groups>
    </groups>
    <test name="Default test" duration-ms="6626" started-at="2020-01-17T13:47:20Z" finished-at="2020-01-17T13:47:27Z">
      <class name="SarjilJavaClass.ActionItem01_16">
        <test-method status="PASS" signature="initialization()[pri:0, instance:SarjilJavaClass.ActionItem01_16@6574b225]" name="initialization" is-config="true" duration-ms="1285" started-at="2020-01-17T08:47:20Z" finished-at="2020-01-17T08:47:22Z">
          <reporter-output>
          </reporter-output>
        </test-method> <!-- initialization -->
        <test-method status="PASS" signature="calValue()[pri:0, instance:SarjilJavaClass.ActionItem01_16@6574b225]" name="calValue" duration-ms="5321" started-at="2020-01-17T08:47:22Z" finished-at="2020-01-17T08:47:27Z">
          <reporter-output>
          </reporter-output>
        </test-method> <!-- calValue -->
        <test-method status="PASS" signature="closeBrowser()[pri:0, instance:SarjilJavaClass.ActionItem01_16@6574b225]" name="closeBrowser" is-config="true" duration-ms="0" started-at="2020-01-17T08:47:27Z" finished-at="2020-01-17T08:47:27Z">
          <reporter-output>
          </reporter-output>
        </test-method> <!-- closeBrowser -->
      </class> <!-- SarjilJavaClass.ActionItem01_16 -->
    </test> <!-- Default test -->
  </suite> <!-- Default suite -->
</testng-results>
